Building DAG of jobs...
Using shell: /bin/bash
Provided cores: 1
Rules claiming more threads will be scaled down.
Job counts:
	count	jobs
	1	aggregate_trees
	1	all
	1	orthofolders
	3

[Thu Mar  5 17:01:18 2020]
checkpoint orthofolders:
    input: filtering/Podan2_1n.clean.txt
    output: fastahits
    jobid: 2
Downstream jobs will be updated after completion.

Updating job 1 (aggregate_trees).
[Thu Mar  5 17:01:19 2020]
Finished job 2.
1 of 38 steps (3%) done

[Thu Mar  5 17:01:19 2020]
rule getrefgenomes:
    input: references/Podan2_AssemblyScaffoldsmt.fa, references/PODCO_genomic.fas
    output: genomes/Podan2.fa, genomes/comataT.fa
    jobid: 43

cat references/Podan2_AssemblyScaffoldsmt.fa | sed 's;>;>Podan2_;' > genomes/Podan2.fa;cat references/PODCO_genomic.fas | sed 's;>;>comataT_;' > genomes/comataT.fa;
[Thu Mar  5 17:01:19 2020]
Finished job 43.
2 of 38 steps (5%) done

[Thu Mar  5 17:01:19 2020]
rule query2hitseq_persample:
    input: genomes/Podan2.fa, filtering/Podan2_1n.clean.txt, fastahits/dummies/orthologs0001.dummy, fastahits/dummies/orthologs0002.dummy, fastahits/dummies/orthologs0003.dummy, fastahits/dummies/orthologs0004.dummy, fastahits/dummies/orthologs0005.dummy, fastahits/dummies/orthologs0006.dummy, fastahits/dummies/orthologs0007.dummy, fastahits/dummies/orthologs0008.dummy, fastahits/dummies/orthologs0009.dummy, fastahits/dummies/orthologs0010.dummy
    output: fastahits/orthologs0001/Podan2.fa, fastahits/orthologs0002/Podan2.fa, fastahits/orthologs0003/Podan2.fa, fastahits/orthologs0004/Podan2.fa, fastahits/orthologs0005/Podan2.fa, fastahits/orthologs0006/Podan2.fa, fastahits/orthologs0007/Podan2.fa, fastahits/orthologs0008/Podan2.fa, fastahits/orthologs0009/Podan2.fa, fastahits/orthologs0010/Podan2.fa
    jobid: 40
    wildcards: sample=Podan2

Shutting down, this might take some time.
Exiting because a job execution failed. Look above for error message
Complete log: /Users/Lorena/Dropbox/PhD_UU/ProjectsCode/HetsPaper/1_OrthoTrees/.snakemake/log/2020-03-05T170118.024655.snakemake.log
