Building DAG of jobs...
Using shell: /bin/bash
Provided cores: 1
Rules claiming more threads will be scaled down.
Job counts:
	count	jobs
	1	aggregate_trees
	1	all
	1	orthofolders
	3

[Thu Mar  5 16:43:01 2020]
checkpoint orthofolders:
    input: filtering/Podan2_1n.clean.txt
    output: fastahits
    jobid: 2
Downstream jobs will be updated after completion.

Updating job 1 (aggregate_trees).
[Thu Mar  5 16:43:03 2020]
Error in rule orthofolders:
    jobid: 2
    output: fastahits

MissingInputException in line 258 of /Users/Lorena/Dropbox/PhD_UU/ProjectsCode/HetsPaper/1_OrthoTrees/OrthoTrees.smk:
Missing input files for rule cathits:
fastahits/orthologs0001/Podan2.fa
fastahits/orthologs0001/PaWa100p.fa
fastahits/orthologs0001/comataT.fa
Removing output files of failed job orthofolders since they might be corrupted:
fastahits
Shutting down, this might take some time.
Exiting because a job execution failed. Look above for error message
Complete log: /Users/Lorena/Dropbox/PhD_UU/ProjectsCode/HetsPaper/1_OrthoTrees/.snakemake/log/2020-03-05T164301.206251.snakemake.log
